2023-07-18 21:20:31 info: tempDirectory:/Users/pedriito/.vscode/extensions/embold-vscode.embold-0.1.5/temp
2023-07-18 21:20:31 info: Extraction complete for source: /Users/pedriito/.vscode/extensions/embold-vscode.embold-0.1.5/resources/embold-scanner-archive.zip, destination: /Users/pedriito/.vscode/extensions/embold-vscode.embold-0.1.5/temp
2023-07-18 21:20:31 info: Congratulations, your extension "Embold" is now active!
2023-07-18 21:20:31 info: file:///Users/pedriito/Documents/GitHub/Reporting_Project/.git/objects/maintenance.lock
2023-07-18 21:20:31 error: SQLITE_ERROR: no such table: issues
2023-07-18 21:24:42 info: file:///Users/pedriito/Documents/GitHub/Reporting_Project/.git/objects/maintenance.lock
2023-07-18 21:24:42 error: SQLITE_ERROR: no such table: issues
2023-07-18 21:25:13 info: file:///Users/pedriito/Documents/GitHub/Reporting_Project/.git/.gitstatus.RpMePg
2023-07-18 21:25:13 error: SQLITE_ERROR: no such table: issues
2023-07-18 21:27:51 info: file:///Users/pedriito/Documents/GitHub/Reporting_Project/.git/objects/maintenance.lock
2023-07-18 21:27:51 error: SQLITE_ERROR: no such table: issues
2023-07-18 21:31:08 info: file:///Users/pedriito/Documents/GitHub/Reporting_Project/.git/objects/maintenance.lock
2023-07-18 21:31:08 error: SQLITE_ERROR: no such table: issues
2023-07-18 21:32:12 info: file:///Users/pedriito/Documents/GitHub/Reporting_Project/.git/objects/13/tmp_obj_Zdb2MA
2023-07-18 21:32:12 info: file:///Users/pedriito/Documents/GitHub/Reporting_Project/.git/objects/c5/tmp_obj_gqBU65
2023-07-18 21:32:12 info: file:///Users/pedriito/Documents/GitHub/Reporting_Project/.git/objects/e6/tmp_obj_oxOL7u
2023-07-18 21:32:12 error: SQLITE_ERROR: no such table: issues
2023-07-18 21:32:12 error: SQLITE_ERROR: no such table: issues
2023-07-18 21:32:12 error: SQLITE_ERROR: no such table: issues
2023-07-18 21:32:32 info: file:///Users/pedriito/Documents/GitHub/Reporting_Project/.git/HEAD.lock
2023-07-18 21:32:32 info: file:///Users/pedriito/Documents/GitHub/Reporting_Project/.git/index.lock
2023-07-18 21:32:32 info: file:///Users/pedriito/Documents/GitHub/Reporting_Project/.git/refs/heads/main.lock
2023-07-18 21:32:32 info: file:///Users/pedriito/Documents/GitHub/Reporting_Project/.git/objects/maintenance.lock
2023-07-18 21:32:32 info: file:///Users/pedriito/Documents/GitHub/Reporting_Project/.git/objects/40/tmp_obj_FHPel7
2023-07-18 21:32:32 info: file:///Users/pedriito/Documents/GitHub/Reporting_Project/.git/objects/8b/tmp_obj_GLH7GD
2023-07-18 21:32:32 info: file:///Users/pedriito/Documents/GitHub/Reporting_Project/.git/objects/a9/tmp_obj_UohwXG
2023-07-18 21:32:32 info: file:///Users/pedriito/Documents/GitHub/Reporting_Project/.git/objects/af/tmp_obj_C0Vpa8
2023-07-18 21:32:32 error: SQLITE_ERROR: no such table: issues
2023-07-18 21:32:32 error: SQLITE_ERROR: no such table: issues
2023-07-18 21:32:32 error: SQLITE_ERROR: no such table: issues
2023-07-18 21:32:32 error: SQLITE_ERROR: no such table: issues
2023-07-18 21:32:32 error: SQLITE_ERROR: no such table: issues
2023-07-18 21:32:32 error: SQLITE_ERROR: no such table: issues
2023-07-18 21:32:32 error: SQLITE_ERROR: no such table: issues
2023-07-18 21:32:32 error: SQLITE_ERROR: no such table: issues
2023-07-18 21:32:35 info: file:///Users/pedriito/Documents/GitHub/Reporting_Project/.git/refs/remotes/origin/main.lock
2023-07-18 21:32:35 error: SQLITE_ERROR: no such table: issues
2023-07-18 21:34:00 info: file:///Users/pedriito/Documents/GitHub/Reporting_Project/.git/index.lock
2023-07-18 21:34:00 info: file:///Users/pedriito/Documents/GitHub/Reporting_Project/.git/objects/15/tmp_obj_DFVHEA
2023-07-18 21:34:00 info: file:///Users/pedriito/Documents/GitHub/Reporting_Project/.git/objects/8e/tmp_obj_mRBxrY
2023-07-18 21:34:00 error: SQLITE_ERROR: no such table: issues
2023-07-18 21:34:00 error: SQLITE_ERROR: no such table: issues
2023-07-18 21:34:00 error: SQLITE_ERROR: no such table: issues
2023-07-18 21:34:04 info: file:///Users/pedriito/Documents/GitHub/Reporting_Project/.git/HEAD.lock
2023-07-18 21:34:04 info: file:///Users/pedriito/Documents/GitHub/Reporting_Project/.git/refs/heads/main.lock
2023-07-18 21:34:04 info: file:///Users/pedriito/Documents/GitHub/Reporting_Project/.git/objects/maintenance.lock
2023-07-18 21:34:04 info: file:///Users/pedriito/Documents/GitHub/Reporting_Project/.git/objects/0b/tmp_obj_potDMQ
2023-07-18 21:34:04 info: file:///Users/pedriito/Documents/GitHub/Reporting_Project/.git/objects/5b/tmp_obj_CNRVWf
2023-07-18 21:34:04 info: file:///Users/pedriito/Documents/GitHub/Reporting_Project/.git/objects/6e/tmp_obj_FsifR3
2023-07-18 21:34:04 info: file:///Users/pedriito/Documents/GitHub/Reporting_Project/.git/objects/b1/tmp_obj_kajLxu
2023-07-18 21:34:04 error: SQLITE_ERROR: no such table: issues
2023-07-18 21:34:04 error: SQLITE_ERROR: no such table: issues
2023-07-18 21:34:04 error: SQLITE_ERROR: no such table: issues
2023-07-18 21:34:04 error: SQLITE_ERROR: no such table: issues
2023-07-18 21:34:04 error: SQLITE_ERROR: no such table: issues
2023-07-18 21:34:04 error: SQLITE_ERROR: no such table: issues
2023-07-18 21:34:04 error: SQLITE_ERROR: no such table: issues
2023-07-18 21:34:08 info: file:///Users/pedriito/Documents/GitHub/Reporting_Project/.git/refs/remotes/origin/main.lock
2023-07-18 21:34:08 error: SQLITE_ERROR: no such table: issues
2023-07-18 21:34:08 info: file:///Users/pedriito/Documents/GitHub/Reporting_Project/.git/objects/maintenance.lock
2023-07-18 21:34:08 error: SQLITE_ERROR: no such table: issues
2023-07-18 21:37:09 info: file:///Users/pedriito/Documents/GitHub/Reporting_Project/.git/objects/maintenance.lock
2023-07-18 21:37:09 error: SQLITE_ERROR: no such table: issues
